<?xml version="1.0" encoding="UTF-8"?>
<!-- Generated by org.testng.reporters.JUnitXMLReporter -->
<testsuite ignored="0" hostname="LAPTOP-TI0RNES2" failures="0" tests="4" name="Default test" time="25.258" errors="0" timestamp="2023-01-02T14:35:35 IST">
  <testcase classname="chromeoptions_programs.RemoveTheChromeBeingControlled" name="removeTheChromeBeingControlledUsingArray" time="6.866"/>
  <testcase classname="chromeoptions_programs.RemoveTheChromeBeingControlled" name="removeTheChromeBeingControlledUsingCollection" time="6.595"/>
  <testcase classname="chromeoptions_programs.RemoveTheChromeBeingControlled" name="removeTheChromeBeingControlledUsingCollectionSingletonList" time="5.928"/>
  <testcase classname="chromeoptions_programs.RemoveTheChromeBeingControlled" name="removeTheChromeBeingControlledUsingStringArray" time="5.832"/>
</testsuite> <!-- Default test -->
