<?xml version="1.0" encoding="UTF-8"?>
<testng-results ignored="0" total="4" passed="4" failed="0" skipped="0">
  <reporter-output>
  </reporter-output>
  <suite started-at="2023-01-02T14:35:10 IST" name="Default suite" finished-at="2023-01-02T14:35:35 IST" duration-ms="25258">
    <groups>
    </groups>
    <test started-at="2023-01-02T14:35:10 IST" name="Default test" finished-at="2023-01-02T14:35:35 IST" duration-ms="25258">
      <class name="chromeoptions_programs.RemoveTheChromeBeingControlled">
        <test-method signature="removeTheChromeBeingControlledUsingArray()[pri:0, instance:chromeoptions_programs.RemoveTheChromeBeingControlled@5f9b2141]" started-at="2023-01-02T14:35:10 IST" name="removeTheChromeBeingControlledUsingArray" finished-at="2023-01-02T14:35:17 IST" duration-ms="6866" status="PASS">
          <reporter-output>
          </reporter-output>
        </test-method> <!-- removeTheChromeBeingControlledUsingArray -->
        <test-method signature="removeTheChromeBeingControlledUsingCollection()[pri:0, instance:chromeoptions_programs.RemoveTheChromeBeingControlled@5f9b2141]" started-at="2023-01-02T14:35:17 IST" name="removeTheChromeBeingControlledUsingCollection" finished-at="2023-01-02T14:35:23 IST" duration-ms="6595" status="PASS">
          <reporter-output>
          </reporter-output>
        </test-method> <!-- removeTheChromeBeingControlledUsingCollection -->
        <test-method signature="removeTheChromeBeingControlledUsingCollectionSingletonList()[pri:0, instance:chromeoptions_programs.RemoveTheChromeBeingControlled@5f9b2141]" started-at="2023-01-02T14:35:23 IST" name="removeTheChromeBeingControlledUsingCollectionSingletonList" finished-at="2023-01-02T14:35:29 IST" duration-ms="5928" status="PASS">
          <reporter-output>
          </reporter-output>
        </test-method> <!-- removeTheChromeBeingControlledUsingCollectionSingletonList -->
        <test-method signature="removeTheChromeBeingControlledUsingStringArray()[pri:0, instance:chromeoptions_programs.RemoveTheChromeBeingControlled@5f9b2141]" started-at="2023-01-02T14:35:29 IST" name="removeTheChromeBeingControlledUsingStringArray" finished-at="2023-01-02T14:35:35 IST" duration-ms="5832" status="PASS">
          <reporter-output>
          </reporter-output>
        </test-method> <!-- removeTheChromeBeingControlledUsingStringArray -->
      </class> <!-- chromeoptions_programs.RemoveTheChromeBeingControlled -->
    </test> <!-- Default test -->
  </suite> <!-- Default suite -->
</testng-results>
